Build started 21/6/2011 10:43:02.
     1>Project "C:\Temp\Downloads\MONTADOR-SITE\montador\montador\montador.vcxproj" on node 2 (build target(s)).
     1>InitializeBuildStatus:
         Creating "Debug\montador.unsuccessfulbuild" because "AlwaysCreate" was specified.
       ClCompile:
         c:\Arquivos de programas\Microsoft Visual Studio 10.0\VC\bin\CL.exe /c /ZI /nologo /W3 /WX- /Od /Oy- /D WIN32 /D _DEBUG /D _CONSOLE /D _UNICODE /D UNICODE /Gm /EHsc /RTC1 /MDd /GS /fp:precise /Zc:wchar_t /Zc:forScope /Fo"Debug\\" /Fd"Debug\vc100.pdb" /Gd /TP /analyze- /errorReport:prompt main.cpp
         main.cpp
     1>c:\temp\downloads\montador-site\montador\montador\main.cpp(40): warning C4996: 'gets': This function or variable may be unsafe. Consider using gets_s instead. To disable deprecation, use _CRT_SECURE_NO_WARNINGS. See online help for details.
                 c:\arquivos de programas\microsoft visual studio 10.0\vc\include\stdio.h(277) : see declaration of 'gets'
     1>c:\temp\downloads\montador-site\montador\montador\main.cpp(43): warning C4996: 'fopen': This function or variable may be unsafe. Consider using fopen_s instead. To disable deprecation, use _CRT_SECURE_NO_WARNINGS. See online help for details.
                 c:\arquivos de programas\microsoft visual studio 10.0\vc\include\stdio.h(234) : see declaration of 'fopen'
     1>c:\temp\downloads\montador-site\montador\montador\main.cpp(80): warning C4996: 'getch': The POSIX name for this item is deprecated. Instead, use the ISO C++ conformant name: _getch. See online help for details.
                 c:\arquivos de programas\microsoft visual studio 10.0\vc\include\conio.h(128) : see declaration of 'getch'
       ManifestResourceCompile:
         All outputs are up-to-date.
       Link:
         c:\Arquivos de programas\Microsoft Visual Studio 10.0\VC\bin\link.exe /ERRORREPORT:PROMPT /OUT:"C:\Temp\Downloads\MONTADOR-SITE\montador\Debug\montador.exe" /INCREMENTAL /NOLOGO kernel32.lib user32.lib gdi32.lib winspool.lib comdlg32.lib advapi32.lib shell32.lib ole32.lib oleaut32.lib uuid.lib odbc32.lib odbccp32.lib /MANIFEST /ManifestFile:"Debug\montador.exe.intermediate.manifest" /MANIFESTUAC:"level='asInvoker' uiAccess='false'" /DEBUG /PDB:"C:\Temp\Downloads\MONTADOR-SITE\montador\Debug\montador.pdb" /SUBSYSTEM:CONSOLE /TLBID:1 /DYNAMICBASE /NXCOMPAT /IMPLIB:"C:\Temp\Downloads\MONTADOR-SITE\montador\Debug\montador.lib" /MACHINE:X86 Debug\montador.exe.embed.manifest.res
         Debug\arquivo.obj
         Debug\auxiliar.obj
         Debug\instrucoes.obj
         Debug\interface.obj
         Debug\main.obj
         Debug\montador.obj
         Debug\validacoes.obj
       Manifest:
         C:\Arquivos de programas\Microsoft SDKs\Windows\v7.0A\bin\mt.exe /nologo /verbose /out:"Debug\montador.exe.embed.manifest" /manifest Debug\montador.exe.intermediate.manifest
         All outputs are up-to-date.
       LinkEmbedManifest:
         All outputs are up-to-date.
         montador.vcxproj -> C:\Temp\Downloads\MONTADOR-SITE\montador\Debug\montador.exe
       FinalizeBuildStatus:
         Deleting file "Debug\montador.unsuccessfulbuild".
         Touching "Debug\montador.lastbuildstate".
     1>Done Building Project "C:\Temp\Downloads\MONTADOR-SITE\montador\montador\montador.vcxproj" (build target(s)).

Build succeeded.

Time Elapsed 00:00:01.32
